[37mDEBU[0m[27 Aug 18 19:42 -0400] PreRun                                        [37marguments[0m=[] [37mcommand[0m=init
[37mDEBU[0m[27 Aug 18 19:42 -0400] configure debug middleware                   
[37mDEBU[0m[27 Aug 18 19:42 -0400] configure logging middleware                 
[37mDEBU[0m[27 Aug 18 19:42 -0400] setup logger middleware: panic               
[37mDEBU[0m[27 Aug 18 19:42 -0400] configure auth middleware                    
[37mDEBU[0m[27 Aug 18 19:42 -0400] setup credentials                             [37mcredentials[0m=0x146b000
[37mDEBU[0m[27 Aug 18 19:42 -0400] configure client middleware                  
[37mDEBU[0m[27 Aug 18 19:42 -0400] setup API endpoint                            [37mendpoint[0m="https://api.netlify.com"
[37mDEBU[0m[27 Aug 18 19:43 -0400] GET /api/v1/sites?filter=all&name=happy-hours HTTP/1.1
Host: api.netlify.com
User-Agent: netlifyctl
Accept: application/json
Authorization: Bearer 4c1f7dbe1cea3a5a7e348466be0c6c3d45256e49e090c88c150a4d85b03bbd8a
Accept-Encoding: gzip


 
[37mDEBU[0m[27 Aug 18 19:43 -0400] HTTP/1.1 200 OK
Content-Length: 2
Alt-Svc: clear
Cache-Control: max-age=0, private, must-revalidate
Content-Type: application/json; charset=utf-8
Date: Mon, 27 Aug 2018 23:43:21 GMT
Etag: W/"d751713988987e9331980363e24189ce"
Link: <https://api.netlify.com/api/v1/sites?filter=all&name=happy-hours&page=0>; rel=last
Total: 0
Vary: Origin
Via: 1.1 google
X-Frame-Options: ALLOWALL
X-Ratelimit-Limit: 100000000
X-Ratelimit-Remaining: 99999999
X-Ratelimit-Reset: 2018-08-27 23:44:21 UTC
X-Request-Id: fb30fe39-d933-4715-a1ae-aeb44d7cfa4b
X-Runtime: 0.014940

[]
 
[31mERRO[0m[27 Aug 18 19:43 -0400] command failed                                [31merror[0m="there are no sites to deploy"
